2022-10-21T11:43:30Z;1ELS0208029962;0.00;2098.00;232.40;233.80;235.30;3.22;2.91;2.90;1628537.00;3937381.00;216906.00;1164302.00;
2022-10-21T11:43:30Z;1ELS0208029975;21.00;0.00;235.30;234.30;232.70;2.17;4.65;2.34;607496.00;5032885.00;189226.00;782954.00;
2022-10-21T11:43:35Z;1ELS0208029962;0.00;2110.00;232.60;235.40;233.80;3.23;2.93;2.91;1628537.00;3937384.00;216906.00;1164302.00;
2022-10-21T11:43:35Z;1ELS0208029975;0.00;0.00;235.30;233.40;232.90;2.20;4.63;2.37;607496.00;5032885.00;189226.00;782954.00;
2022-10-21T11:43:40Z;1ELS0208029962;0.00;2123.00;232.10;235.40;235.20;3.25;2.94;2.93;1628537.00;3937387.00;216906.00;1164302.00;
2022-10-21T11:43:40Z;1ELS0208029975;7.00;0.00;235.20;233.80;232.70;2.19;4.64;2.36;607496.00;5032885.00;189226.00;782955.00;
2022-10-21T11:43:45Z;1ELS0208029962;0.00;2130.00;232.00;235.20;234.50;3.27;2.95;2.95;1628537.00;3937390.00;216906.00;1164302.00;
2022-10-21T11:43:45Z;1ELS0208029975;8.00;0.00;235.10;234.10;232.40;2.21;4.61;2.38;607496.00;5032885.00;189226.00;782955.00;
2022-10-21T11:43:50Z;1ELS0208029962;0.00;2147.00;231.40;235.50;235.40;3.28;2.98;2.96;1628537.00;3937393.00;216906.00;1164302.00;
2022-10-21T11:43:50Z;1ELS0208029975;6.00;0.00;235.20;234.50;231.50;2.21;4.62;2.35;607496.00;5032885.00;189226.00;782955.00;
2022-10-21T11:43:55Z;1ELS0208029962;0.00;2159.00;231.30;235.10;235.20;3.30;3.00;2.99;1628537.00;3937396.00;216906.00;1164302.00;
2022-10-21T11:43:55Z;1ELS0208029975;12.00;0.00;235.10;234.80;231.40;2.24;4.58;2.36;607496.00;5032885.00;189226.00;782956.00;
2022-10-21T11:44:00Z;1ELS0208029962;0.00;2191.00;231.30;235.20;235.00;3.35;3.03;3.03;1628537.00;3937399.00;216906.00;1164302.00;
2022-10-21T11:44:00Z;1ELS0208029975;0.00;17.00;234.80;234.60;231.60;2.24;4.58;2.39;607496.00;5032885.00;189226.00;782956.00;
2022-10-21T11:44:05Z;1ELS0208029962;0.00;2210.00;230.60;235.40;235.00;3.38;3.08;3.06;1628537.00;3937402.00;216906.00;1164302.00;
2022-10-21T11:44:05Z;1ELS0208029975;0.00;29.00;235.00;234.20;231.00;2.26;4.57;2.40;607496.00;5032885.00;189226.00;782957.00;
2022-10-21T11:44:10Z;1ELS0208029962;0.00;2248.00;230.90;235.50;234.90;3.43;3.13;3.11;1628537.00;3937405.00;216906.00;1164302.00;
2022-10-21T11:44:10Z;1ELS0208029975;0.00;22.00;235.00;234.60;232.40;2.25;4.58;2.38;607496.00;5032885.00;189226.00;782957.00;
2022-10-21T11:44:15Z;1ELS0208029962;0.00;2268.00;231.70;235.10;235.30;3.46;3.15;3.14;1628537.00;3937408.00;216906.00;1164302.00;
2022-10-21T11:44:15Z;1ELS0208029975;0.00;6.00;235.00;235.00;232.00;2.23;4.59;2.36;607496.00;5032885.00;189226.00;782957.00;
2022-10-21T11:44:20Z;1ELS0208029962;0.00;2289.00;231.60;235.20;235.60;3.48;3.18;3.16;1628537.00;3937411.00;216906.00;1164302.00;
2022-10-21T11:44:20Z;1ELS0208029975;0.00;18.00;234.80;234.90;232.70;2.24;4.57;2.38;607496.00;5032885.00;189226.00;782958.00;
2022-10-21T11:44:25Z;1ELS0208029962;0.00;2329.00;232.50;234.80;235.40;3.54;3.23;3.22;1628537.00;3937414.00;216906.00;1164302.00;
2022-10-21T11:44:25Z;1ELS0208029975;0.00;19.00;234.90;234.70;233.10;2.24;4.58;2.38;607496.00;5032885.00;189226.00;782958.00;
2022-10-21T11:44:30Z;1ELS0208029962;0.00;2363.00;233.20;234.90;235.40;3.59;3.27;3.27;1628537.00;3937418.00;216906.00;1164302.00;
2022-10-21T11:44:30Z;1ELS0208029975;0.00;25.00;235.10;234.70;233.50;2.25;4.57;2.39;607496.00;5032885.00;189226.00;782959.00;
2022-10-21T11:44:35Z;1ELS0208029962;0.00;2400.00;232.70;235.00;235.30;3.64;3.34;3.31;1628537.00;3937421.00;216906.00;1164302.00;
2022-10-21T11:44:35Z;1ELS0208029975;0.00;16.00;234.70;234.90;233.30;2.24;4.59;2.38;607496.00;5032885.00;189226.00;782959.00;
2022-10-21T11:44:40Z;1ELS0208029962;0.00;2467.00;232.20;235.50;235.40;3.73;3.43;3.41;1628537.00;3937424.00;216906.00;1164302.00;
2022-10-21T11:44:40Z;1ELS0208029975;0.00;40.00;234.00;235.50;232.50;2.28;4.53;2.41;607496.00;5032885.00;189226.00;782959.00;
2022-10-21T11:44:45Z;1ELS0208029962;0.00;2576.00;231.80;233.90;235.90;3.82;3.73;3.50;1628537.00;3937428.00;216906.00;1164302.00;
2022-10-21T11:44:45Z;1ELS0208029975;0.00;56.00;235.40;235.00;231.70;2.30;4.53;2.44;607496.00;5032885.00;189226.00;782960.00;
2022-10-21T11:44:50Z;1ELS0208029962;0.00;2606.00;231.10;235.70;235.50;3.87;3.77;3.54;1628537.00;3937431.00;216906.00;1164302.00;
2022-10-21T11:44:50Z;1ELS0208029975;0.00;36.00;235.50;235.00;232.40;2.26;4.56;2.41;607496.00;5032885.00;189226.00;782960.00;
2022-10-21T11:44:55Z;1ELS0208029962;0.00;2620.00;231.60;235.50;235.50;3.88;3.79;3.56;1628537.00;3937435.00;216906.00;1164302.00;
2022-10-21T11:44:55Z;1ELS0208029975;0.00;25.00;235.40;235.10;232.20;2.25;4.57;2.39;607496.00;5032885.00;189226.00;782961.00;
2022-10-21T11:45:00Z;1ELS0208029962;0.00;2594.00;232.10;235.80;235.60;3.84;3.75;3.52;1628537.00;3937439.00;216906.00;1164302.00;
2022-10-21T11:45:00Z;1ELS0208029975;0.00;5.00;235.70;235.20;232.60;2.22;4.61;2.37;607496.00;5032885.00;189226.00;782961.00;
2022-10-21T11:45:05Z;1ELS0208029962;0.00;2594.00;232.30;235.50;235.60;3.84;3.76;3.51;1628537.00;3937442.00;216906.00;1164302.00;
2022-10-21T11:45:05Z;1ELS0208029975;0.00;0.00;235.60;234.90;232.70;2.22;4.61;2.37;607496.00;5032885.00;189226.00;782961.00;
2022-10-21T11:45:10Z;1ELS0208029962;0.00;2563.00;233.30;235.50;235.40;3.79;3.70;3.47;1628537.00;3937446.00;216906.00;1164302.00;
2022-10-21T11:45:10Z;1ELS0208029975;27.00;0.00;235.10;235.00;233.80;2.17;4.67;2.34;607496.00;5032885.00;189226.00;782962.00;
2022-10-21T11:45:15Z;1ELS0208029962;0.00;2535.00;233.00;235.40;235.50;3.75;3.67;3.43;1628537.00;3937449.00;216906.00;1164302.00;
2022-10-21T11:45:15Z;1ELS0208029975;7.00;0.00;234.90;235.40;233.30;2.20;4.62;2.36;607496.00;5032885.00;189226.00;782962.00;
2022-10-21T11:45:20Z;1ELS0208029962;0.00;2515.00;232.80;235.30;235.80;3.73;3.64;3.40;1628537.00;3937453.00;216906.00;1164302.00;
2022-10-21T11:45:20Z;1ELS0208029975;27.00;0.00;235.10;235.30;233.40;2.18;4.65;2.33;607496.00;5032885.00;189226.00;782963.00;
2022-10-21T11:45:25Z;1ELS0208029962;0.00;2481.00;232.40;235.00;235.40;3.68;3.60;3.36;1628537.00;3937456.00;216906.00;1164302.00;
2022-10-21T11:45:25Z;1ELS0208029975;30.00;0.00;235.10;235.10;232.50;2.18;4.68;2.34;607496.00;5032885.00;189226.00;782963.00;
2022-10-21T11:45:30Z;1ELS0208029962;0.00;2455.00;232.90;235.70;234.90;3.64;3.55;3.32;1628537.00;3937460.00;216906.00;1164302.00;
2022-10-21T11:45:30Z;1ELS0208029975;24.00;0.00;235.30;234.50;233.30;2.18;4.68;2.35;607496.00;5032885.00;189226.00;782963.00;
2022-10-21T11:45:35Z;1ELS0208029962;0.00;2431.00;232.80;235.10;234.80;3.61;3.52;3.29;1628537.00;3937463.00;216906.00;1164302.00;
2022-10-21T11:45:35Z;1ELS0208029975;25.00;0.00;235.00;234.60;233.50;2.17;4.68;2.35;607496.00;5032885.00;189226.00;782964.00;
2022-10-21T11:45:40Z;1ELS0208029962;0.00;2422.00;233.00;235.00;235.10;3.60;3.51;3.27;1628537.00;3937466.00;216906.00;1164302.00;
2022-10-21T11:45:40Z;1ELS0208029975;16.00;0.00;235.20;234.60;233.60;2.19;4.67;2.35;607496.00;5032885.00;189226.00;782964.00;
2022-10-21T11:45:45Z;1ELS0208029962;0.00;2426.00;233.00;235.20;235.10;3.60;3.51;3.28;1628537.00;3937470.00;216906.00;1164302.00;
2022-10-21T11:45:45Z;1ELS0208029975;10.00;0.00;235.20;234.30;233.70;2.19;4.66;2.37;607496.00;5032885.00;189226.00;782965.00;
2022-10-21T11:45:50Z;1ELS0208029962;0.00;2433.00;232.70;235.10;235.20;3.62;3.52;3.29;1628537.00;3937473.00;216906.00;1164302.00;
2022-10-21T11:45:50Z;1ELS0208029975;19.00;0.00;235.00;234.90;233.50;2.19;4.67;2.36;607496.00;5032885.00;189226.00;782965.00;
2022-10-21T11:45:55Z;1ELS0208029962;0.00;2403.00;232.70;235.10;235.30;3.57;3.48;3.25;1628537.00;3937477.00;216906.00;1164302.00;
2022-10-21T11:45:55Z;1ELS0208029975;21.00;0.00;235.00;234.70;233.40;2.19;4.65;2.33;607496.00;5032885.00;189226.00;782965.00;
2022-10-21T11:46:00Z;1ELS0208029962;0.00;2378.00;233.50;232.20;235.70;3.54;3.45;3.22;1628537.00;3937480.00;216906.00;1164302.00;
2022-10-21T11:46:00Z;1ELS0208029975;28.00;0.00;232.50;235.20;233.80;2.17;4.66;2.35;607496.00;5032885.00;189226.00;782966.00;
2022-10-21T11:46:05Z;1ELS0208029962;0.00;2376.00;233.00;233.90;235.50;3.54;3.44;3.22;1628537.00;3937483.00;216906.00;1164302.00;
2022-10-21T11:46:05Z;1ELS0208029975;8.00;0.00;234.00;235.10;233.70;2.20;4.64;2.38;607496.00;5032885.00;189226.00;782966.00;
2022-10-21T11:46:10Z;1ELS0208029962;0.00;2370.00;232.80;234.30;235.80;3.53;3.44;3.20;1628537.00;3937486.00;216906.00;1164302.00;
2022-10-21T11:46:10Z;1ELS0208029975;18.00;0.00;234.20;235.50;233.50;2.20;4.66;2.36;607496.00;5032885.00;189226.00;782967.00;
2022-10-21T11:46:15Z;1ELS0208029962;0.00;2365.00;233.30;234.10;236.10;3.52;3.43;3.19;1628537.00;3937490.00;216906.00;1164302.00;
2022-10-21T11:46:15Z;1ELS0208029975;0.00;0.00;234.40;235.50;234.10;2.21;4.63;2.38;607496.00;5032885.00;189226.00;782967.00;
2022-10-21T11:46:20Z;1ELS0208029962;0.00;2356.00;232.80;235.60;235.80;3.50;3.41;3.18;1628537.00;3937493.00;216906.00;1164302.00;
2022-10-21T11:46:20Z;1ELS0208029975;18.00;0.00;235.70;235.30;233.60;2.19;4.66;2.35;607496.00;5032885.00;189226.00;782967.00;
2022-10-21T11:46:25Z;1ELS0208029962;0.00;2324.00;233.00;235.60;235.60;3.46;3.37;3.13;1628537.00;3937496.00;216906.00;1164302.00;
2022-10-21T11:46:25Z;1ELS0208029975;19.00;0.00;235.50;235.10;233.60;2.19;4.66;2.35;607496.00;5032885.00;189226.00;782968.00;
2022-10-21T11:46:30Z;1ELS0208029962;0.00;2302.00;233.10;235.40;235.30;3.42;3.34;3.10;1628537.00;3937500.00;216906.00;1164302.00;
2022-10-21T11:46:30Z;1ELS0208029975;20.00;0.00;235.70;234.80;234.10;2.18;4.67;2.35;607496.00;5032885.00;189226.00;782968.00;
2022-10-21T11:46:35Z;1ELS0208029962;0.00;2287.00;233.30;235.60;235.50;3.40;3.31;3.08;1628537.00;3937503.00;216906.00;1164302.00;
2022-10-21T11:46:35Z;1ELS0208029975;30.00;0.00;235.60;235.00;234.00;2.17;4.68;2.34;607496.00;5032885.00;189226.00;782969.00;
2022-10-21T11:46:40Z;1ELS0208029962;0.00;2284.00;233.50;235.70;235.70;3.40;3.30;3.08;1628537.00;3937506.00;216906.00;1164302.00;
2022-10-21T11:46:40Z;1ELS0208029975;19.00;0.00;235.60;235.20;233.90;2.18;4.66;2.35;607496.00;5032885.00;189226.00;782969.00;
2022-10-21T11:46:45Z;1ELS0208029962;0.00;2279.00;233.00;235.40;235.40;3.39;3.30;3.07;1628537.00;3937509.00;216906.00;1164302.00;
2022-10-21T11:46:45Z;1ELS0208029975;9.00;0.00;234.90;235.10;234.00;2.20;4.65;2.37;607496.00;5032885.00;189226.00;782969.00;
2022-10-21T11:46:50Z;1ELS0208029962;0.00;2281.00;232.40;235.60;235.40;3.39;3.31;3.08;1628537.00;3937512.00;216906.00;1164302.00;
2022-10-21T11:46:50Z;1ELS0208029975;18.00;0.00;235.70;235.30;233.20;2.20;4.65;2.35;607496.00;5032885.00;189226.00;782970.00;
2022-10-21T11:46:55Z;1ELS0208029962;0.00;2281.00;233.50;234.60;236.20;3.40;3.30;3.07;1628537.00;3937515.00;216906.00;1164303.00;
2022-10-21T11:46:55Z;1ELS0208029975;1564.00;0.00;234.10;235.80;234.10;4.45;4.64;2.37;607497.00;5032885.00;189226.00;782970.00;
2022-10-21T11:47:00Z;1ELS0208029962;0.00;2283.00;234.00;234.70;236.20;3.39;3.31;3.07;1628537.00;3937519.00;216906.00;1164303.00;
2022-10-21T11:47:00Z;1ELS0208029975;767.00;0.00;234.50;235.90;234.50;3.31;3.56;3.49;607499.00;5032885.00;189226.00;782971.00;
2022-10-21T11:47:05Z;1ELS0208029962;0.00;2290.00;234.00;234.80;235.90;3.40;3.31;3.08;1628537.00;3937522.00;216906.00;1164303.00;
2022-10-21T11:47:05Z;1ELS0208029975;594.00;0.00;234.50;235.70;234.30;3.06;3.32;3.73;607499.00;5032885.00;189226.00;782971.00;
2022-10-21T11:47:10Z;1ELS0208029962;0.00;2305.00;233.90;234.80;236.20;3.43;3.34;3.10;1628537.00;3937525.00;216906.00;1164303.00;
2022-10-21T11:47:10Z;1ELS0208029975;369.00;0.00;234.50;235.90;234.30;2.73;3.01;4.03;607500.00;5032885.00;189226.00;782971.00;
2022-10-21T11:47:15Z;1ELS0208029962;0.00;2328.00;233.90;232.90;236.90;3.47;3.37;3.14;1628537.00;3937528.00;216906.00;1164303.00;
2022-10-21T11:47:15Z;1ELS0208029975;171.00;0.00;232.90;236.30;234.30;2.43;2.77;4.30;607501.00;5032885.00;189226.00;782972.00;
2022-10-21T11:47:20Z;1ELS0208029962;0.00;2344.00;233.90;233.10;236.50;3.49;3.40;3.16;1628537.00;3937531.00;216906.00;1164303.00;
2022-10-21T11:47:20Z;1ELS0208029975;160.00;0.00;234.00;235.70;233.90;2.43;2.74;4.33;607501.00;5032885.00;189226.00;782972.00;
2022-10-21T11:47:25Z;1ELS0208029962;0.00;2322.00;233.10;234.40;235.90;3.46;3.36;3.14;1628537.00;3937535.00;216906.00;1164303.00;
2022-10-21T11:47:25Z;1ELS0208029975;92.00;0.00;234.20;235.40;233.80;2.34;2.65;4.43;607501.00;5032885.00;189226.00;782972.00;
2022-10-21T11:47:30Z;1ELS0208029962;0.00;2311.00;232.50;235.40;235.20;3.44;3.35;3.12;1628537.00;3937538.00;216906.00;1164303.00;
2022-10-21T11:47:30Z;1ELS0208029975;0.00;1474.00;235.30;234.60;233.20;4.30;2.63;4.46;607501.00;5032886.00;189226.00;782973.00;
2022-10-21T11:47:35Z;1ELS0208029962;0.00;2315.00;232.90;235.60;235.40;3.44;3.35;3.12;1628537.00;3937541.00;216906.00;1164303.00;
2022-10-21T11:47:35Z;1ELS0208029975;0.00;753.00;235.50;234.80;234.00;2.94;2.96;3.10;607501.00;5032887.00;189226.00;782973.00;
2022-10-21T11:47:40Z;1ELS0208029962;0.00;2305.00;233.30;235.20;235.40;3.43;3.34;3.11;1628537.00;3937544.00;216906.00;1164303.00;
2022-10-21T11:47:40Z;1ELS0208029975;0.00;574.00;235.30;235.10;233.60;2.68;3.19;2.85;607501.00;5032888.00;189226.00;782974.00;
2022-10-21T11:47:45Z;1ELS0208029962;0.00;2300.00;232.70;235.00;235.40;3.43;3.34;3.10;1628537.00;3937547.00;216906.00;1164303.00;
2022-10-21T11:47:45Z;1ELS0208029975;0.00;266.00;235.00;235.00;233.30;2.25;3.61;2.42;607501.00;5032889.00;189226.00;782974.00;
2022-10-21T11:47:50Z;1ELS0208029962;0.00;2296.00;233.30;235.00;235.50;3.41;3.33;3.09;1628537.00;3937551.00;216906.00;1164303.00;
2022-10-21T11:47:50Z;1ELS0208029975;0.00;193.00;235.40;234.90;233.70;2.16;3.71;2.30;607501.00;5032889.00;189226.00;782974.00;
2022-10-21T11:47:55Z;1ELS0208029962;0.00;2296.00;232.90;235.10;235.50;3.42;3.33;3.10;1628537.00;3937554.00;216906.00;1164303.00;
2022-10-21T11:47:55Z;1ELS0208029975;0.00;81.00;234.60;234.90;233.10;1.99;3.86;2.16;607501.00;5032889.00;189226.00;782975.00;
2022-10-21T11:48:00Z;1ELS0208029962;0.00;2287.00;234.30;235.30;235.60;3.41;3.30;3.07;1628537.00;3937557.00;216906.00;1164303.00;
2022-10-21T11:48:00Z;1ELS0208029975;0.00;62.00;235.30;235.10;234.60;1.95;3.90;2.14;607501.00;5032889.00;189226.00;782975.00;
2022-10-21T11:48:05Z;1ELS0208029962;0.00;2287.00;234.40;235.20;235.50;3.40;3.31;3.07;1628537.00;3937560.00;216906.00;1164303.00;
2022-10-21T11:48:05Z;1ELS0208029975;0.00;197.00;236.10;234.60;234.90;1.91;4.91;2.10;607501.00;5032889.00;189226.00;782976.00;
2022-10-21T11:48:10Z;1ELS0208029962;0.00;2274.00;233.60;236.80;235.30;3.38;3.29;3.06;1628537.00;3937563.00;216906.00;1164303.00;
2022-10-21T11:48:10Z;1ELS0208029975;145.00;0.00;236.90;234.90;234.10;2.00;4.85;2.18;607501.00;5032889.00;189226.00;782976.00;
2022-10-21T11:48:15Z;1ELS0208029962;0.00;2273.00;233.70;236.90;235.30;3.38;3.29;3.05;1628537.00;3937567.00;216906.00;1164303.00;
2022-10-21T11:48:15Z;1ELS0208029975;28.00;0.00;236.70;234.70;234.50;2.16;4.69;2.34;607501.00;5032889.00;189226.00;782976.00;
2022-10-21T11:48:20Z;1ELS0208029962;0.00;2282.00;234.40;236.70;235.10;3.38;3.30;3.06;1628537.00;3937570.00;216906.00;1164303.00;
2022-10-21T11:48:20Z;1ELS0208029975;83.00;0.00;236.90;234.60;234.90;2.10;4.76;2.24;607501.00;5032889.00;189226.00;782977.00;
2022-10-21T11:48:25Z;1ELS0208029962;0.00;2275.00;234.40;234.80;236.00;3.38;3.29;3.06;1628537.00;3937573.00;216906.00;1164303.00;
2022-10-21T11:48:25Z;1ELS0208029975;22.00;0.00;235.30;235.80;234.70;2.17;4.67;2.36;607501.00;5032889.00;189226.00;782977.00;
2022-10-21T11:48:30Z;1ELS0208029962;0.00;2294.00;234.20;235.50;236.40;3.40;3.31;3.08;1628537.00;3937576.00;216906.00;1164303.00;
2022-10-21T11:48:30Z;1ELS0208029975;37.00;0.00;234.20;236.30;235.50;2.16;4.67;2.32;607501.00;5032889.00;189226.00;782978.00;
2022-10-21T11:48:35Z;1ELS0208029962;0.00;2295.00;234.80;235.60;236.10;3.40;3.32;3.08;1628537.00;3937579.00;216906.00;1164303.00;
2022-10-21T11:48:35Z;1ELS0208029975;4.00;0.00;235.10;235.60;235.60;2.20;4.65;2.38;607501.00;5032889.00;189226.00;782978.00;
2022-10-21T11:48:40Z;1ELS0208029962;0.00;2302.00;234.90;237.10;235.50;3.40;3.32;3.09;1628537.00;3937582.00;216906.00;1164303.00;
2022-10-21T11:48:40Z;1ELS0208029975;0.00;0.00;236.90;235.50;234.60;2.20;4.65;2.37;607501.00;5032889.00;189226.00;782978.00;
2022-10-21T11:48:45Z;1ELS0208029962;0.00;2312.00;234.50;237.00;235.90;3.42;3.33;3.10;1628537.00;3937586.00;216906.00;1164303.00;
2022-10-21T11:48:45Z;1ELS0208029975;0.00;0.00;237.00;235.40;234.90;2.20;4.65;2.39;607501.00;5032889.00;189226.00;782979.00;
2022-10-21T11:48:50Z;1ELS0208029962;0.00;2327.00;234.50;237.10;236.00;3.44;3.36;3.12;1628537.00;3937589.00;216906.00;1164303.00;
2022-10-21T11:48:50Z;1ELS0208029975;0.00;0.00;237.20;235.50;234.20;2.21;4.64;2.37;607501.00;5032889.00;189226.00;782979.00;
2022-10-21T11:48:55Z;1ELS0208029962;0.00;2329.00;234.10;237.30;235.90;3.44;3.36;3.13;1628537.00;3937592.00;216906.00;1164303.00;
2022-10-21T11:48:55Z;1ELS0208029975;0.00;0.00;237.00;235.60;234.80;2.20;4.65;2.38;607501.00;5032889.00;189226.00;782980.00;
2022-10-21T11:49:00Z;1ELS0208029962;0.00;2341.00;235.10;237.40;236.00;3.46;3.37;3.14;1628537.00;3937595.00;216906.00;1164303.00;
2022-10-21T11:49:00Z;1ELS0208029975;0.00;7.00;235.90;236.00;235.70;2.21;4.63;2.40;607501.00;5032889.00;189226.00;782980.00;
2022-10-21T11:49:05Z;1ELS0208029962;0.00;2356.00;233.70;234.30;234.90;3.49;3.42;3.19;1628537.00;3937599.00;216906.00;1164303.00;
2022-10-21T11:49:05Z;1ELS0208029975;0.00;38.00;232.60;232.70;232.40;2.25;4.57;2.43;607501.00;5032889.00;189226.00;782980.00;
2022-10-21T11:49:10Z;1ELS0208029962;0.00;2364.00;232.30;232.80;233.10;3.54;3.45;3.22;1628537.00;3937602.00;216906.00;1164303.00;
2022-10-21T11:49:10Z;1ELS0208029975;0.00;31.00;232.70;232.70;232.20;2.24;4.58;2.42;607501.00;5032889.00;189226.00;782981.00;
2022-10-21T11:49:15Z;1ELS0208029962;0.00;2374.00;231.70;232.40;233.20;3.56;3.47;3.24;1628537.00;3937605.00;216906.00;1164303.00;
2022-10-21T11:49:15Z;1ELS0208029975;0.00;77.00;232.60;232.70;232.00;2.49;4.60;2.39;607501.00;5032889.00;189226.00;782981.00;
2022-10-21T11:49:20Z;1ELS0208029962;0.00;2402.00;231.00;231.90;233.40;3.60;3.52;3.28;1628537.00;3937608.00;216906.00;1164303.00;
2022-10-21T11:49:20Z;1ELS0208029975;0.00;69.00;232.70;232.70;231.10;2.50;4.61;2.37;607501.00;5032889.00;189226.00;782982.00;
2022-10-21T11:49:25Z;1ELS0208029962;0.00;2418.00;230.80;232.70;233.20;3.62;3.54;3.30;1628537.00;3937612.00;216906.00;1164303.00;
2022-10-21T11:49:25Z;1ELS0208029975;0.00;37.00;232.80;232.50;230.90;2.45;4.65;2.33;607501.00;5032889.00;189226.00;782982.00;
2022-10-21T11:49:30Z;1ELS0208029962;0.00;2440.00;230.60;232.80;233.10;3.66;3.57;3.34;1628537.00;3937615.00;216906.00;1164303.00;
2022-10-21T11:49:30Z;1ELS0208029975;0.00;17.00;232.90;232.70;230.70;2.42;4.68;2.30;607501.00;5032889.00;189226.00;782982.00;
2022-10-21T11:49:35Z;1ELS0208029962;0.00;2468.00;231.20;232.70;233.00;3.70;3.60;3.37;1628537.00;3937619.00;216906.00;1164303.00;
2022-10-21T11:49:35Z;1ELS0208029975;0.00;25.00;232.70;232.50;231.80;2.42;4.68;2.32;607501.00;5032889.00;189226.00;782983.00;
